<?xml version="1.0" encoding="UTF-8"?>
<!-- Generated by org.testng.reporters.JUnitReportReporter -->
<testsuite hostname="DESKTOP-HJHABDC" failures="0" tests="3" name="dusanselenium.tests.StandaloneTest" time="21.595" errors="0" timestamp="2024-04-27T10:41:10 CEST" skipped="0">
  <testcase classname="dusanselenium.tests.StandaloneTest" name="submitOrder" time="8.308"/>
  <testcase classname="dusanselenium.tests.StandaloneTest" name="orderHistoryTest" time="5.430"/>
  <testcase classname="dusanselenium.tests.StandaloneTest" name="submitOrder" time="7.857"/>
</testsuite> <!-- dusanselenium.tests.StandaloneTest -->
