<?xml version="1.0" encoding="UTF-8"?>
<!-- Generated by org.testng.reporters.JUnitReportReporter -->
<testsuite hostname="DESKTOP-HJHABDC" failures="0" tests="1" name="cucumber.TestNGTestRunner" time="4.809" errors="0" timestamp="2024-04-30T12:20:58 CEST" skipped="0">
  <testcase classname="cucumber.TestNGTestRunner" name="runScenario" time="4.809"/>
</testsuite> <!-- cucumber.TestNGTestRunner -->
