<?xml version="1.0" encoding="UTF-8"?>
<!-- Generated by org.testng.reporters.JUnitReportReporter -->
<testsuite hostname="DESKTOP-HJHABDC" failures="0" tests="2" name="dusanselenium.tests.ErrorValidations" time="14.071" errors="0" timestamp="2024-05-02T12:49:49 CEST" skipped="0">
  <testcase classname="dusanselenium.tests.ErrorValidations" name="loginIncorrectCredentials" time="6.505"/>
  <testcase classname="dusanselenium.tests.ErrorValidations" name="productErrorValidation" time="7.566"/>
</testsuite> <!-- dusanselenium.tests.ErrorValidations -->
