<?xml version="1.0" encoding="UTF-8"?>
<!-- Generated by org.testng.reporters.JUnitReportReporter -->
<testsuite hostname="DESKTOP-HJHABDC" failures="0" tests="1" name="cucumber.TestNGTestRunner" time="6.451" errors="0" timestamp="2024-04-30T12:40:20 CEST" skipped="0">
  <testcase classname="cucumber.TestNGTestRunner" name="runScenario" time="6.451"/>
</testsuite> <!-- cucumber.TestNGTestRunner -->
