<?xml version="1.0" encoding="UTF-8"?>
<!-- Generated by org.testng.reporters.JUnitReportReporter -->
<testsuite hostname="DESKTOP-HJHABDC" failures="0" tests="3" name="dusanselenium.tests.StandaloneTest" time="23.318" errors="0" timestamp="2024-05-02T12:49:49 CEST" skipped="0">
  <testcase classname="dusanselenium.tests.StandaloneTest" name="orderHistoryTest" time="6.804"/>
  <testcase classname="dusanselenium.tests.StandaloneTest" name="submitOrder" time="7.940"/>
  <testcase classname="dusanselenium.tests.StandaloneTest" name="submitOrder" time="8.574"/>
</testsuite> <!-- dusanselenium.tests.StandaloneTest -->
